2025-12-29T12:40:36.697+0000 [DEBUG] [org.gradle.launcher.daemon.bootstrap.DaemonMain] Assuming the daemon was started with following jvm opts: [--add-opens=java.base/java.util=ALL-UNNAMED, --add-opens=java.base/java.lang=ALL-UNNAMED, --add-opens=java.base/java.lang.invoke=ALL-UNNAMED, --add-opens=java.prefs/java.util.prefs=ALL-UNNAMED, --add-opens=java.base/java.nio.charset=ALL-UNNAMED, --add-opens=java.base/java.net=ALL-UNNAMED, --add-opens=java.base/java.util.concurrent.atomic=ALL-UNNAMED, -Xmx2g, -Dfile.encoding=UTF-8, -Duser.country=US, -Duser.language=en, -Duser.variant]
2025-12-29T12:40:36.740+0000 [INFO] [org.gradle.launcher.daemon.server.Daemon] start() called on daemon - DefaultDaemonContext[uid=613d5ecb-7d06-4f85-aab2-f1c268890d0c,javaHome=/usr/lib/jvm/java-17-openjdk,daemonRegistryDir=/home/archuser/repo/fasting_tracker/android/.gradle-local/daemon,pid=526217,idleTimeout=120000,priority=NORMAL,applyInstrumentationAgent=true,daemonOpts=--add-opens=java.base/java.util=ALL-UNNAMED,--add-opens=java.base/java.lang=ALL-UNNAMED,--add-opens=java.base/java.lang.invoke=ALL-UNNAMED,--add-opens=java.prefs/java.util.prefs=ALL-UNNAMED,--add-opens=java.base/java.nio.charset=ALL-UNNAMED,--add-opens=java.base/java.net=ALL-UNNAMED,--add-opens=java.base/java.util.concurrent.atomic=ALL-UNNAMED,-Xmx2g,-Dfile.encoding=UTF-8,-Duser.country=US,-Duser.language=en,-Duser.variant]
Daemon vm is shutting down... The daemon has exited normally or was terminated in response to a user interrupt.
2025-12-29T12:40:36.753+0000 [DEBUG] [org.gradle.launcher.daemon.registry.PersistentDaemonRegistry] Removing daemon address: null
2025-12-29T12:40:36.755+0000 [DEBUG] [org.gradle.launcher.daemon.server.Daemon] VM shutdown hook was unable to remove the daemon address from the registry. It will be cleaned up later.
java.lang.RuntimeException: Could not determine a usable wildcard IP for this machine.
	at org.gradle.internal.remote.internal.inet.InetAddressFactory.getWildcardBindingAddress(InetAddressFactory.java:88)
	at org.gradle.cache.internal.locklistener.FileLockCommunicator.<init>(FileLockCommunicator.java:49)
	at org.gradle.cache.internal.locklistener.DefaultFileLockContentionHandler.getCommunicator(DefaultFileLockContentionHandler.java:263)
	at org.gradle.cache.internal.locklistener.DefaultFileLockContentionHandler.reservePort(DefaultFileLockContentionHandler.java:255)
	at org.gradle.cache.internal.DefaultFileLockManager.lock(DefaultFileLockManager.java:109)
	at org.gradle.cache.internal.DefaultFileLockManager.lock(DefaultFileLockManager.java:96)
	at org.gradle.cache.internal.DefaultFileLockManager.lock(DefaultFileLockManager.java:91)
	at org.gradle.cache.internal.OnDemandFileAccess.updateFile(OnDemandFileAccess.java:51)
	at org.gradle.cache.internal.FileBackedObjectHolder.update(FileBackedObjectHolder.java:87)
	at org.gradle.cache.internal.FileIntegrityViolationSuppressingObjectHolderDecorator$1.create(FileIntegrityViolationSuppressingObjectHolderDecorator.java:50)
	at org.gradle.cache.internal.FileIntegrityViolationSuppressingObjectHolderDecorator.doUpdate(FileIntegrityViolationSuppressingObjectHolderDecorator.java:67)
	at org.gradle.cache.internal.FileIntegrityViolationSuppressingObjectHolderDecorator.update(FileIntegrityViolationSuppressingObjectHolderDecorator.java:47)
	at org.gradle.launcher.daemon.registry.PersistentDaemonRegistry.remove(PersistentDaemonRegistry.java:133)
	at org.gradle.launcher.daemon.server.Daemon$1.run(Daemon.java:127)
	at java.base/java.lang.Thread.run(Thread.java:840)
Caused by: java.net.SocketException: Operation not permitted (Socket creation failed)
	at java.base/java.net.NetworkInterface.getAll(Native Method)
	at java.base/java.net.NetworkInterface.getNetworkInterfaces(NetworkInterface.java:353)
	at org.gradle.internal.remote.internal.inet.InetAddresses.analyzeNetworkInterfaces(InetAddresses.java:43)
	at org.gradle.internal.remote.internal.inet.InetAddresses.<init>(InetAddresses.java:39)
	at org.gradle.internal.remote.internal.inet.InetAddressFactory.init(InetAddressFactory.java:99)
	at org.gradle.internal.remote.internal.inet.InetAddressFactory.getWildcardBindingAddress(InetAddressFactory.java:84)
	... 14 more
